2025-09-13 06:57:14,333 - __main__ - INFO - Starting video generation pipeline profiling...
2025-09-13 06:57:27,971 - __main__ - INFO - Testing with 100 concurrent users...
2025-09-13 06:57:27,979 - __main__ - ERROR - User session failed: name 'aiohttp' is not defined
2025-09-13 06:57:27,979 - __main__ - ERROR - User session failed: name 'aiohttp' is not defined
2025-09-13 06:57:27,979 - __main__ - ERROR - User session failed: name 'aiohttp' is not defined
2025-09-13 06:57:27,979 - __main__ - ERROR - User session failed: name 'aiohttp' is not defined
2025-09-13 06:57:27,979 - __main__ - ERROR - User session failed: name 'aiohttp' is not defined
2025-09-13 06:57:27,979 - __main__ - ERROR - User session failed: name 'aiohttp' is not defined
2025-09-13 06:57:27,979 - __main__ - ERROR - User session failed: name 'aiohttp' is not defined
2025-09-13 06:57:27,979 - __main__ - ERROR - User session failed: name 'aiohttp' is not defined
2025-09-13 06:57:27,980 - __main__ - ERROR - User session failed: name 'aiohttp' is not defined
2025-09-13 06:57:27,980 - __main__ - ERROR - User session failed: name 'aiohttp' is not defined
2025-09-13 06:57:27,980 - __main__ - ERROR - User session failed: name 'aiohttp' is not defined
2025-09-13 06:57:27,980 - __main__ - ERROR - User session failed: name 'aiohttp' is not defined
2025-09-13 06:57:27,980 - __main__ - ERROR - User session failed: name 'aiohttp' is not defined
2025-09-13 06:57:27,980 - __main__ - ERROR - User session failed: name 'aiohttp' is not defined
2025-09-13 06:57:27,980 - __main__ - ERROR - User session failed: name 'aiohttp' is not defined
2025-09-13 06:57:27,980 - __main__ - ERROR - User session failed: name 'aiohttp' is not defined
2025-09-13 06:57:27,980 - __main__ - ERROR - User session failed: name 'aiohttp' is not defined
2025-09-13 06:57:27,980 - __main__ - ERROR - User session failed: name 'aiohttp' is not defined
2025-09-13 06:57:27,980 - __main__ - ERROR - User session failed: name 'aiohttp' is not defined
2025-09-13 06:57:27,980 - __main__ - ERROR - User session failed: name 'aiohttp' is not defined
2025-09-13 06:57:27,980 - __main__ - ERROR - User session failed: name 'aiohttp' is not defined
2025-09-13 06:57:27,980 - __main__ - ERROR - User session failed: name 'aiohttp' is not defined
2025-09-13 06:57:27,980 - __main__ - ERROR - User session failed: name 'aiohttp' is not defined
2025-09-13 06:57:27,980 - __main__ - ERROR - User session failed: name 'aiohttp' is not defined
2025-09-13 06:57:27,980 - __main__ - ERROR - User session failed: name 'aiohttp' is not defined
2025-09-13 06:57:27,981 - __main__ - ERROR - User session failed: name 'aiohttp' is not defined
2025-09-13 06:57:27,981 - __main__ - ERROR - User session failed: name 'aiohttp' is not defined
2025-09-13 06:57:27,981 - __main__ - ERROR - User session failed: name 'aiohttp' is not defined
2025-09-13 06:57:27,981 - __main__ - ERROR - User session failed: name 'aiohttp' is not defined
2025-09-13 06:57:27,981 - __main__ - ERROR - User session failed: name 'aiohttp' is not defined
2025-09-13 06:57:27,981 - __main__ - ERROR - User session failed: name 'aiohttp' is not defined
2025-09-13 06:57:27,981 - __main__ - ERROR - User session failed: name 'aiohttp' is not defined
2025-09-13 06:57:27,981 - __main__ - ERROR - User session failed: name 'aiohttp' is not defined
2025-09-13 06:57:27,981 - __main__ - ERROR - User session failed: name 'aiohttp' is not defined
2025-09-13 06:57:27,981 - __main__ - ERROR - User session failed: name 'aiohttp' is not defined
2025-09-13 06:57:27,981 - __main__ - ERROR - User session failed: name 'aiohttp' is not defined
2025-09-13 06:57:27,981 - __main__ - ERROR - User session failed: name 'aiohttp' is not defined
2025-09-13 06:57:27,981 - __main__ - ERROR - User session failed: name 'aiohttp' is not defined
2025-09-13 06:57:27,981 - __main__ - ERROR - User session failed: name 'aiohttp' is not defined
2025-09-13 06:57:27,981 - __main__ - ERROR - User session failed: name 'aiohttp' is not defined
2025-09-13 06:57:27,981 - __main__ - ERROR - User session failed: name 'aiohttp' is not defined
2025-09-13 06:57:27,981 - __main__ - ERROR - User session failed: name 'aiohttp' is not defined
2025-09-13 06:57:27,981 - __main__ - ERROR - User session failed: name 'aiohttp' is not defined
2025-09-13 06:57:27,982 - __main__ - ERROR - User session failed: name 'aiohttp' is not defined
2025-09-13 06:57:27,982 - __main__ - ERROR - User session failed: name 'aiohttp' is not defined
2025-09-13 06:57:27,982 - __main__ - ERROR - User session failed: name 'aiohttp' is not defined
2025-09-13 06:57:27,982 - __main__ - ERROR - User session failed: name 'aiohttp' is not defined
2025-09-13 06:57:27,982 - __main__ - ERROR - User session failed: name 'aiohttp' is not defined
2025-09-13 06:57:27,982 - __main__ - ERROR - User session failed: name 'aiohttp' is not defined
2025-09-13 06:57:27,982 - __main__ - ERROR - User session failed: name 'aiohttp' is not defined
2025-09-13 06:57:27,982 - __main__ - ERROR - User session failed: name 'aiohttp' is not defined
2025-09-13 06:57:27,982 - __main__ - ERROR - User session failed: name 'aiohttp' is not defined
2025-09-13 06:57:27,982 - __main__ - ERROR - User session failed: name 'aiohttp' is not defined
2025-09-13 06:57:27,982 - __main__ - ERROR - User session failed: name 'aiohttp' is not defined
2025-09-13 06:57:27,982 - __main__ - ERROR - User session failed: name 'aiohttp' is not defined
2025-09-13 06:57:27,982 - __main__ - ERROR - User session failed: name 'aiohttp' is not defined
2025-09-13 06:57:27,982 - __main__ - ERROR - User session failed: name 'aiohttp' is not defined
2025-09-13 06:57:27,982 - __main__ - ERROR - User session failed: name 'aiohttp' is not defined
2025-09-13 06:57:27,982 - __main__ - ERROR - User session failed: name 'aiohttp' is not defined
2025-09-13 06:57:27,982 - __main__ - ERROR - User session failed: name 'aiohttp' is not defined
2025-09-13 06:57:27,982 - __main__ - ERROR - User session failed: name 'aiohttp' is not defined
2025-09-13 06:57:27,982 - __main__ - ERROR - User session failed: name 'aiohttp' is not defined
2025-09-13 06:57:27,982 - __main__ - ERROR - User session failed: name 'aiohttp' is not defined
2025-09-13 06:57:27,982 - __main__ - ERROR - User session failed: name 'aiohttp' is not defined
2025-09-13 06:57:27,983 - __main__ - ERROR - User session failed: name 'aiohttp' is not defined
2025-09-13 06:57:27,983 - __main__ - ERROR - User session failed: name 'aiohttp' is not defined
2025-09-13 06:57:27,983 - __main__ - ERROR - User session failed: name 'aiohttp' is not defined
2025-09-13 06:57:27,983 - __main__ - ERROR - User session failed: name 'aiohttp' is not defined
2025-09-13 06:57:27,983 - __main__ - ERROR - User session failed: name 'aiohttp' is not defined
2025-09-13 06:57:27,983 - __main__ - ERROR - User session failed: name 'aiohttp' is not defined
2025-09-13 06:57:27,983 - __main__ - ERROR - User session failed: name 'aiohttp' is not defined
2025-09-13 06:57:27,983 - __main__ - ERROR - User session failed: name 'aiohttp' is not defined
2025-09-13 06:57:27,983 - __main__ - ERROR - User session failed: name 'aiohttp' is not defined
2025-09-13 06:57:27,983 - __main__ - ERROR - User session failed: name 'aiohttp' is not defined
2025-09-13 06:57:27,983 - __main__ - ERROR - User session failed: name 'aiohttp' is not defined
2025-09-13 06:57:27,983 - __main__ - ERROR - User session failed: name 'aiohttp' is not defined
2025-09-13 06:57:27,983 - __main__ - ERROR - User session failed: name 'aiohttp' is not defined
2025-09-13 06:57:27,983 - __main__ - ERROR - User session failed: name 'aiohttp' is not defined
2025-09-13 06:57:27,983 - __main__ - ERROR - User session failed: name 'aiohttp' is not defined
2025-09-13 06:57:27,983 - __main__ - ERROR - User session failed: name 'aiohttp' is not defined
2025-09-13 06:57:27,983 - __main__ - ERROR - User session failed: name 'aiohttp' is not defined
2025-09-13 06:57:27,983 - __main__ - ERROR - User session failed: name 'aiohttp' is not defined
2025-09-13 06:57:27,983 - __main__ - ERROR - User session failed: name 'aiohttp' is not defined
2025-09-13 06:57:27,983 - __main__ - ERROR - User session failed: name 'aiohttp' is not defined
2025-09-13 06:57:27,983 - __main__ - ERROR - User session failed: name 'aiohttp' is not defined
2025-09-13 06:57:27,983 - __main__ - ERROR - User session failed: name 'aiohttp' is not defined
2025-09-13 06:57:27,983 - __main__ - ERROR - User session failed: name 'aiohttp' is not defined
2025-09-13 06:57:27,984 - __main__ - ERROR - User session failed: name 'aiohttp' is not defined
2025-09-13 06:57:27,984 - __main__ - ERROR - User session failed: name 'aiohttp' is not defined
2025-09-13 06:57:27,984 - __main__ - ERROR - User session failed: name 'aiohttp' is not defined
2025-09-13 06:57:27,984 - __main__ - ERROR - User session failed: name 'aiohttp' is not defined
2025-09-13 06:57:27,984 - __main__ - ERROR - User session failed: name 'aiohttp' is not defined
2025-09-13 06:57:27,984 - __main__ - ERROR - User session failed: name 'aiohttp' is not defined
2025-09-13 06:57:27,984 - __main__ - ERROR - User session failed: name 'aiohttp' is not defined
2025-09-13 06:57:27,984 - __main__ - ERROR - User session failed: name 'aiohttp' is not defined
2025-09-13 06:57:27,984 - __main__ - ERROR - User session failed: name 'aiohttp' is not defined
2025-09-13 06:57:27,984 - __main__ - ERROR - User session failed: name 'aiohttp' is not defined
2025-09-13 06:57:27,984 - __main__ - ERROR - User session failed: name 'aiohttp' is not defined
2025-09-13 06:57:27,984 - __main__ - ERROR - User session failed: name 'aiohttp' is not defined
2025-09-13 06:57:27,984 - __main__ - ERROR - User session failed: name 'aiohttp' is not defined
2025-09-13 06:57:27,985 - __main__ - INFO - Analyzing memory usage patterns...
2025-09-13 06:57:38,040 - __main__ - INFO - Identifying performance bottlenecks...
2025-09-13 06:57:38,575 - __main__ - INFO - Running load test: 100 users for 30 seconds
2025-09-13 06:57:40,734 - __main__ - INFO - Processed 100 requests...
2025-09-13 06:57:43,704 - __main__ - INFO - Processed 200 requests...
2025-09-13 06:57:47,247 - __main__ - INFO - Processed 300 requests...
2025-09-13 06:57:49,783 - __main__ - INFO - Processed 400 requests...
2025-09-13 06:57:52,125 - __main__ - INFO - Processed 500 requests...
2025-09-13 06:57:55,061 - __main__ - INFO - Processed 600 requests...
2025-09-13 06:57:57,938 - __main__ - INFO - Processed 700 requests...
2025-09-13 06:58:00,788 - __main__ - INFO - Processed 800 requests...
2025-09-13 06:58:03,529 - __main__ - INFO - Processed 900 requests...
2025-09-13 06:58:06,645 - __main__ - INFO - Processed 1000 requests...
2025-09-13 06:58:08,673 - __main__ - INFO - Generating performance report...
2025-09-13 06:58:08,673 - __main__ - INFO - Starting video generation pipeline profiling...
2025-09-13 06:58:22,311 - __main__ - INFO - Testing with 100 concurrent users...
2025-09-13 06:58:22,312 - __main__ - ERROR - User session failed: name 'aiohttp' is not defined
2025-09-13 06:58:22,312 - __main__ - ERROR - User session failed: name 'aiohttp' is not defined
2025-09-13 06:58:22,312 - __main__ - ERROR - User session failed: name 'aiohttp' is not defined
2025-09-13 06:58:22,312 - __main__ - ERROR - User session failed: name 'aiohttp' is not defined
2025-09-13 06:58:22,312 - __main__ - ERROR - User session failed: name 'aiohttp' is not defined
2025-09-13 06:58:22,312 - __main__ - ERROR - User session failed: name 'aiohttp' is not defined
2025-09-13 06:58:22,312 - __main__ - ERROR - User session failed: name 'aiohttp' is not defined
2025-09-13 06:58:22,312 - __main__ - ERROR - User session failed: name 'aiohttp' is not defined
2025-09-13 06:58:22,312 - __main__ - ERROR - User session failed: name 'aiohttp' is not defined
2025-09-13 06:58:22,312 - __main__ - ERROR - User session failed: name 'aiohttp' is not defined
2025-09-13 06:58:22,312 - __main__ - ERROR - User session failed: name 'aiohttp' is not defined
2025-09-13 06:58:22,312 - __main__ - ERROR - User session failed: name 'aiohttp' is not defined
2025-09-13 06:58:22,312 - __main__ - ERROR - User session failed: name 'aiohttp' is not defined
2025-09-13 06:58:22,313 - __main__ - ERROR - User session failed: name 'aiohttp' is not defined
2025-09-13 06:58:22,313 - __main__ - ERROR - User session failed: name 'aiohttp' is not defined
2025-09-13 06:58:22,313 - __main__ - ERROR - User session failed: name 'aiohttp' is not defined
2025-09-13 06:58:22,313 - __main__ - ERROR - User session failed: name 'aiohttp' is not defined
2025-09-13 06:58:22,313 - __main__ - ERROR - User session failed: name 'aiohttp' is not defined
2025-09-13 06:58:22,313 - __main__ - ERROR - User session failed: name 'aiohttp' is not defined
2025-09-13 06:58:22,313 - __main__ - ERROR - User session failed: name 'aiohttp' is not defined
2025-09-13 06:58:22,313 - __main__ - ERROR - User session failed: name 'aiohttp' is not defined
2025-09-13 06:58:22,313 - __main__ - ERROR - User session failed: name 'aiohttp' is not defined
2025-09-13 06:58:22,313 - __main__ - ERROR - User session failed: name 'aiohttp' is not defined
2025-09-13 06:58:22,313 - __main__ - ERROR - User session failed: name 'aiohttp' is not defined
2025-09-13 06:58:22,313 - __main__ - ERROR - User session failed: name 'aiohttp' is not defined
2025-09-13 06:58:22,313 - __main__ - ERROR - User session failed: name 'aiohttp' is not defined
2025-09-13 06:58:22,313 - __main__ - ERROR - User session failed: name 'aiohttp' is not defined
2025-09-13 06:58:22,313 - __main__ - ERROR - User session failed: name 'aiohttp' is not defined
2025-09-13 06:58:22,313 - __main__ - ERROR - User session failed: name 'aiohttp' is not defined
2025-09-13 06:58:22,313 - __main__ - ERROR - User session failed: name 'aiohttp' is not defined
2025-09-13 06:58:22,313 - __main__ - ERROR - User session failed: name 'aiohttp' is not defined
2025-09-13 06:58:22,313 - __main__ - ERROR - User session failed: name 'aiohttp' is not defined
2025-09-13 06:58:22,313 - __main__ - ERROR - User session failed: name 'aiohttp' is not defined
2025-09-13 06:58:22,313 - __main__ - ERROR - User session failed: name 'aiohttp' is not defined
2025-09-13 06:58:22,313 - __main__ - ERROR - User session failed: name 'aiohttp' is not defined
2025-09-13 06:58:22,313 - __main__ - ERROR - User session failed: name 'aiohttp' is not defined
2025-09-13 06:58:22,313 - __main__ - ERROR - User session failed: name 'aiohttp' is not defined
2025-09-13 06:58:22,313 - __main__ - ERROR - User session failed: name 'aiohttp' is not defined
2025-09-13 06:58:22,313 - __main__ - ERROR - User session failed: name 'aiohttp' is not defined
2025-09-13 06:58:22,313 - __main__ - ERROR - User session failed: name 'aiohttp' is not defined
2025-09-13 06:58:22,313 - __main__ - ERROR - User session failed: name 'aiohttp' is not defined
2025-09-13 06:58:22,313 - __main__ - ERROR - User session failed: name 'aiohttp' is not defined
2025-09-13 06:58:22,313 - __main__ - ERROR - User session failed: name 'aiohttp' is not defined
2025-09-13 06:58:22,313 - __main__ - ERROR - User session failed: name 'aiohttp' is not defined
2025-09-13 06:58:22,313 - __main__ - ERROR - User session failed: name 'aiohttp' is not defined
2025-09-13 06:58:22,313 - __main__ - ERROR - User session failed: name 'aiohttp' is not defined
2025-09-13 06:58:22,313 - __main__ - ERROR - User session failed: name 'aiohttp' is not defined
2025-09-13 06:58:22,313 - __main__ - ERROR - User session failed: name 'aiohttp' is not defined
2025-09-13 06:58:22,313 - __main__ - ERROR - User session failed: name 'aiohttp' is not defined
2025-09-13 06:58:22,313 - __main__ - ERROR - User session failed: name 'aiohttp' is not defined
2025-09-13 06:58:22,313 - __main__ - ERROR - User session failed: name 'aiohttp' is not defined
2025-09-13 06:58:22,313 - __main__ - ERROR - User session failed: name 'aiohttp' is not defined
2025-09-13 06:58:22,313 - __main__ - ERROR - User session failed: name 'aiohttp' is not defined
2025-09-13 06:58:22,313 - __main__ - ERROR - User session failed: name 'aiohttp' is not defined
2025-09-13 06:58:22,314 - __main__ - ERROR - User session failed: name 'aiohttp' is not defined
2025-09-13 06:58:22,314 - __main__ - ERROR - User session failed: name 'aiohttp' is not defined
2025-09-13 06:58:22,314 - __main__ - ERROR - User session failed: name 'aiohttp' is not defined
2025-09-13 06:58:22,314 - __main__ - ERROR - User session failed: name 'aiohttp' is not defined
2025-09-13 06:58:22,314 - __main__ - ERROR - User session failed: name 'aiohttp' is not defined
2025-09-13 06:58:22,314 - __main__ - ERROR - User session failed: name 'aiohttp' is not defined
2025-09-13 06:58:22,314 - __main__ - ERROR - User session failed: name 'aiohttp' is not defined
2025-09-13 06:58:22,314 - __main__ - ERROR - User session failed: name 'aiohttp' is not defined
2025-09-13 06:58:22,314 - __main__ - ERROR - User session failed: name 'aiohttp' is not defined
2025-09-13 06:58:22,314 - __main__ - ERROR - User session failed: name 'aiohttp' is not defined
2025-09-13 06:58:22,314 - __main__ - ERROR - User session failed: name 'aiohttp' is not defined
2025-09-13 06:58:22,314 - __main__ - ERROR - User session failed: name 'aiohttp' is not defined
2025-09-13 06:58:22,314 - __main__ - ERROR - User session failed: name 'aiohttp' is not defined
2025-09-13 06:58:22,314 - __main__ - ERROR - User session failed: name 'aiohttp' is not defined
2025-09-13 06:58:22,314 - __main__ - ERROR - User session failed: name 'aiohttp' is not defined
2025-09-13 06:58:22,314 - __main__ - ERROR - User session failed: name 'aiohttp' is not defined
2025-09-13 06:58:22,314 - __main__ - ERROR - User session failed: name 'aiohttp' is not defined
2025-09-13 06:58:22,314 - __main__ - ERROR - User session failed: name 'aiohttp' is not defined
2025-09-13 06:58:22,314 - __main__ - ERROR - User session failed: name 'aiohttp' is not defined
2025-09-13 06:58:22,314 - __main__ - ERROR - User session failed: name 'aiohttp' is not defined
2025-09-13 06:58:22,314 - __main__ - ERROR - User session failed: name 'aiohttp' is not defined
2025-09-13 06:58:22,314 - __main__ - ERROR - User session failed: name 'aiohttp' is not defined
2025-09-13 06:58:22,314 - __main__ - ERROR - User session failed: name 'aiohttp' is not defined
2025-09-13 06:58:22,314 - __main__ - ERROR - User session failed: name 'aiohttp' is not defined
2025-09-13 06:58:22,314 - __main__ - ERROR - User session failed: name 'aiohttp' is not defined
2025-09-13 06:58:22,314 - __main__ - ERROR - User session failed: name 'aiohttp' is not defined
2025-09-13 06:58:22,314 - __main__ - ERROR - User session failed: name 'aiohttp' is not defined
2025-09-13 06:58:22,314 - __main__ - ERROR - User session failed: name 'aiohttp' is not defined
2025-09-13 06:58:22,314 - __main__ - ERROR - User session failed: name 'aiohttp' is not defined
2025-09-13 06:58:22,314 - __main__ - ERROR - User session failed: name 'aiohttp' is not defined
2025-09-13 06:58:22,314 - __main__ - ERROR - User session failed: name 'aiohttp' is not defined
2025-09-13 06:58:22,314 - __main__ - ERROR - User session failed: name 'aiohttp' is not defined
2025-09-13 06:58:22,314 - __main__ - ERROR - User session failed: name 'aiohttp' is not defined
2025-09-13 06:58:22,315 - __main__ - ERROR - User session failed: name 'aiohttp' is not defined
2025-09-13 06:58:22,315 - __main__ - ERROR - User session failed: name 'aiohttp' is not defined
2025-09-13 06:58:22,315 - __main__ - ERROR - User session failed: name 'aiohttp' is not defined
2025-09-13 06:58:22,315 - __main__ - ERROR - User session failed: name 'aiohttp' is not defined
2025-09-13 06:58:22,315 - __main__ - ERROR - User session failed: name 'aiohttp' is not defined
2025-09-13 06:58:22,315 - __main__ - ERROR - User session failed: name 'aiohttp' is not defined
2025-09-13 06:58:22,315 - __main__ - ERROR - User session failed: name 'aiohttp' is not defined
2025-09-13 06:58:22,315 - __main__ - ERROR - User session failed: name 'aiohttp' is not defined
2025-09-13 06:58:22,315 - __main__ - ERROR - User session failed: name 'aiohttp' is not defined
2025-09-13 06:58:22,315 - __main__ - ERROR - User session failed: name 'aiohttp' is not defined
2025-09-13 06:58:22,315 - __main__ - ERROR - User session failed: name 'aiohttp' is not defined
2025-09-13 06:58:22,315 - __main__ - ERROR - User session failed: name 'aiohttp' is not defined
2025-09-13 06:58:22,315 - __main__ - ERROR - User session failed: name 'aiohttp' is not defined
2025-09-13 06:58:22,315 - __main__ - INFO - Analyzing memory usage patterns...
2025-09-13 06:58:32,380 - __main__ - INFO - Identifying performance bottlenecks...
2025-09-13 06:58:32,933 - __main__ - INFO - Performance report saved to talkingphoto_performance_report.json
